[INFO] [2016-04-22 09:04:22][org.springframework.beans.factory.xml.XmlBeanDefinitionReader]Loading XML bean definitions from class path resource [spring-mybatis.xml]
[INFO] [2016-04-22 09:04:23][org.springframework.context.support.GenericApplicationContext]Refreshing org.springframework.context.support.GenericApplicationContext@13fee20c: startup date [Fri Apr 22 09:04:23 CST 2016]; root of context hierarchy
[INFO] [2016-04-22 09:04:23][org.springframework.beans.factory.config.PropertyPlaceholderConfigurer]Loading properties file from class path resource [jdbc.properties]
[INFO] [2016-04-22 09:04:23][org.springframework.beans.factory.annotation.AutowiredAnnotationBeanPostProcessor]JSR-330 'javax.inject.Inject' annotation found and supported for autowiring
[INFO] [2016-04-22 09:04:24][com.worthytrust.swordman.testmybatis.TestMyBatis]{"age":24,"id":1,"password":"sfasgfaf","userName":"测试"}
[INFO] [2016-04-22 09:04:24][org.springframework.context.support.GenericApplicationContext]Closing org.springframework.context.support.GenericApplicationContext@13fee20c: startup date [Fri Apr 22 09:04:23 CST 2016]; root of context hierarchy
[INFO] [2016-04-22 09:09:00][org.springframework.beans.factory.xml.XmlBeanDefinitionReader]Loading XML bean definitions from class path resource [spring-mybatis.xml]
[INFO] [2016-04-22 09:09:00][org.springframework.context.support.GenericApplicationContext]Refreshing org.springframework.context.support.GenericApplicationContext@13fee20c: startup date [Fri Apr 22 09:09:00 CST 2016]; root of context hierarchy
[INFO] [2016-04-22 09:09:00][org.springframework.beans.factory.config.PropertyPlaceholderConfigurer]Loading properties file from class path resource [jdbc.properties]
[INFO] [2016-04-22 09:09:00][org.springframework.beans.factory.annotation.AutowiredAnnotationBeanPostProcessor]JSR-330 'javax.inject.Inject' annotation found and supported for autowiring
[INFO] [2016-04-22 09:09:01][com.worthytrust.swordman.testmybatis.TestMyBatis]{"age":24,"id":1,"password":"sfasgfaf","userName":"测试"}
[INFO] [2016-04-22 09:09:01][org.springframework.context.support.GenericApplicationContext]Closing org.springframework.context.support.GenericApplicationContext@13fee20c: startup date [Fri Apr 22 09:09:00 CST 2016]; root of context hierarchy
[INFO] [2017-04-25 10:26:21][org.springframework.test.context.support.DefaultTestContextBootstrapper]Loaded default TestExecutionListener class names from location [META-INF/spring.factories]: [org.springframework.test.context.web.ServletTestExecutionListener, org.springframework.test.context.support.DirtiesContextBeforeModesTestExecutionListener, org.springframework.test.context.support.DependencyInjectionTestExecutionListener, org.springframework.test.context.support.DirtiesContextTestExecutionListener, org.springframework.test.context.transaction.TransactionalTestExecutionListener, org.springframework.test.context.jdbc.SqlScriptsTestExecutionListener]
[INFO] [2017-04-25 10:26:21][org.springframework.test.context.support.DefaultTestContextBootstrapper]Using TestExecutionListeners: [org.springframework.test.context.web.ServletTestExecutionListener@52af6cff, org.springframework.test.context.support.DirtiesContextBeforeModesTestExecutionListener@735b478, org.springframework.test.context.support.DependencyInjectionTestExecutionListener@2c9f9fb0, org.springframework.test.context.support.DirtiesContextTestExecutionListener@2096442d, org.springframework.test.context.transaction.TransactionalTestExecutionListener@9f70c54, org.springframework.test.context.jdbc.SqlScriptsTestExecutionListener@234bef66]
[INFO] [2017-04-25 10:26:21][org.springframework.beans.factory.xml.XmlBeanDefinitionReader]Loading XML bean definitions from class path resource [spring-mybatis.xml]
[INFO] [2017-04-25 10:26:21][org.springframework.context.support.GenericApplicationContext]Refreshing org.springframework.context.support.GenericApplicationContext@724af044: startup date [Tue Apr 25 10:26:21 CST 2017]; root of context hierarchy
[INFO] [2017-04-25 10:26:21][org.springframework.beans.factory.config.PropertyPlaceholderConfigurer]Loading properties file from class path resource [jdbc.properties]
[INFO] [2017-04-25 10:26:21][org.springframework.beans.factory.annotation.AutowiredAnnotationBeanPostProcessor]JSR-330 'javax.inject.Inject' annotation found and supported for autowiring
[INFO] [2017-04-25 10:26:22][org.springframework.context.support.GenericApplicationContext]Closing org.springframework.context.support.GenericApplicationContext@724af044: startup date [Tue Apr 25 10:26:21 CST 2017]; root of context hierarchy
[INFO] [2017-04-25 10:27:31][org.springframework.test.context.support.DefaultTestContextBootstrapper]Loaded default TestExecutionListener class names from location [META-INF/spring.factories]: [org.springframework.test.context.web.ServletTestExecutionListener, org.springframework.test.context.support.DirtiesContextBeforeModesTestExecutionListener, org.springframework.test.context.support.DependencyInjectionTestExecutionListener, org.springframework.test.context.support.DirtiesContextTestExecutionListener, org.springframework.test.context.transaction.TransactionalTestExecutionListener, org.springframework.test.context.jdbc.SqlScriptsTestExecutionListener]
[INFO] [2017-04-25 10:27:31][org.springframework.test.context.support.DefaultTestContextBootstrapper]Using TestExecutionListeners: [org.springframework.test.context.web.ServletTestExecutionListener@9f70c54, org.springframework.test.context.support.DirtiesContextBeforeModesTestExecutionListener@234bef66, org.springframework.test.context.support.DependencyInjectionTestExecutionListener@737996a0, org.springframework.test.context.support.DirtiesContextTestExecutionListener@61dc03ce, org.springframework.test.context.transaction.TransactionalTestExecutionListener@50f8360d, org.springframework.test.context.jdbc.SqlScriptsTestExecutionListener@2cb4c3ab]
[INFO] [2017-04-25 10:27:31][org.springframework.beans.factory.xml.XmlBeanDefinitionReader]Loading XML bean definitions from class path resource [spring-mybatis.xml]
[INFO] [2017-04-25 10:27:31][org.springframework.context.support.GenericApplicationContext]Refreshing org.springframework.context.support.GenericApplicationContext@c038203: startup date [Tue Apr 25 10:27:31 CST 2017]; root of context hierarchy
[INFO] [2017-04-25 10:27:32][org.springframework.beans.factory.config.PropertyPlaceholderConfigurer]Loading properties file from class path resource [jdbc.properties]
[INFO] [2017-04-25 10:27:32][org.springframework.beans.factory.annotation.AutowiredAnnotationBeanPostProcessor]JSR-330 'javax.inject.Inject' annotation found and supported for autowiring
[INFO] [2017-04-25 10:27:32][org.springframework.context.support.GenericApplicationContext]Closing org.springframework.context.support.GenericApplicationContext@c038203: startup date [Tue Apr 25 10:27:31 CST 2017]; root of context hierarchy
[INFO] [2017-04-25 10:28:31][org.springframework.test.context.support.DefaultTestContextBootstrapper]Loaded default TestExecutionListener class names from location [META-INF/spring.factories]: [org.springframework.test.context.web.ServletTestExecutionListener, org.springframework.test.context.support.DirtiesContextBeforeModesTestExecutionListener, org.springframework.test.context.support.DependencyInjectionTestExecutionListener, org.springframework.test.context.support.DirtiesContextTestExecutionListener, org.springframework.test.context.transaction.TransactionalTestExecutionListener, org.springframework.test.context.jdbc.SqlScriptsTestExecutionListener]
[INFO] [2017-04-25 10:28:31][org.springframework.test.context.support.DefaultTestContextBootstrapper]Using TestExecutionListeners: [org.springframework.test.context.web.ServletTestExecutionListener@9f70c54, org.springframework.test.context.support.DirtiesContextBeforeModesTestExecutionListener@234bef66, org.springframework.test.context.support.DependencyInjectionTestExecutionListener@737996a0, org.springframework.test.context.support.DirtiesContextTestExecutionListener@61dc03ce, org.springframework.test.context.transaction.TransactionalTestExecutionListener@50f8360d, org.springframework.test.context.jdbc.SqlScriptsTestExecutionListener@2cb4c3ab]
[INFO] [2017-04-25 10:28:31][org.springframework.beans.factory.xml.XmlBeanDefinitionReader]Loading XML bean definitions from class path resource [spring-mybatis.xml]
[INFO] [2017-04-25 10:28:31][org.springframework.context.support.GenericApplicationContext]Refreshing org.springframework.context.support.GenericApplicationContext@c038203: startup date [Tue Apr 25 10:28:31 CST 2017]; root of context hierarchy
[INFO] [2017-04-25 10:28:31][org.springframework.beans.factory.config.PropertyPlaceholderConfigurer]Loading properties file from class path resource [jdbc.properties]
[INFO] [2017-04-25 10:28:31][org.springframework.beans.factory.annotation.AutowiredAnnotationBeanPostProcessor]JSR-330 'javax.inject.Inject' annotation found and supported for autowiring
[INFO] [2017-04-25 10:28:32][org.springframework.context.support.GenericApplicationContext]Closing org.springframework.context.support.GenericApplicationContext@c038203: startup date [Tue Apr 25 10:28:31 CST 2017]; root of context hierarchy
[INFO] [2017-04-25 10:30:39][org.springframework.test.context.support.DefaultTestContextBootstrapper]Loaded default TestExecutionListener class names from location [META-INF/spring.factories]: [org.springframework.test.context.web.ServletTestExecutionListener, org.springframework.test.context.support.DirtiesContextBeforeModesTestExecutionListener, org.springframework.test.context.support.DependencyInjectionTestExecutionListener, org.springframework.test.context.support.DirtiesContextTestExecutionListener, org.springframework.test.context.transaction.TransactionalTestExecutionListener, org.springframework.test.context.jdbc.SqlScriptsTestExecutionListener]
[INFO] [2017-04-25 10:30:39][org.springframework.test.context.support.DefaultTestContextBootstrapper]Using TestExecutionListeners: [org.springframework.test.context.web.ServletTestExecutionListener@9f70c54, org.springframework.test.context.support.DirtiesContextBeforeModesTestExecutionListener@234bef66, org.springframework.test.context.support.DependencyInjectionTestExecutionListener@737996a0, org.springframework.test.context.support.DirtiesContextTestExecutionListener@61dc03ce, org.springframework.test.context.transaction.TransactionalTestExecutionListener@50f8360d, org.springframework.test.context.jdbc.SqlScriptsTestExecutionListener@2cb4c3ab]
[INFO] [2017-04-25 10:30:40][org.springframework.beans.factory.xml.XmlBeanDefinitionReader]Loading XML bean definitions from class path resource [spring-mybatis.xml]
[INFO] [2017-04-25 10:30:40][org.springframework.context.support.GenericApplicationContext]Refreshing org.springframework.context.support.GenericApplicationContext@c038203: startup date [Tue Apr 25 10:30:40 CST 2017]; root of context hierarchy
[INFO] [2017-04-25 10:30:40][org.springframework.beans.factory.config.PropertyPlaceholderConfigurer]Loading properties file from class path resource [jdbc.properties]
[INFO] [2017-04-25 10:30:40][org.springframework.beans.factory.annotation.AutowiredAnnotationBeanPostProcessor]JSR-330 'javax.inject.Inject' annotation found and supported for autowiring
[INFO] [2017-04-25 10:30:44][org.springframework.context.support.GenericApplicationContext]Closing org.springframework.context.support.GenericApplicationContext@c038203: startup date [Tue Apr 25 10:30:40 CST 2017]; root of context hierarchy
[INFO] [2017-04-25 10:32:34][org.springframework.test.context.support.DefaultTestContextBootstrapper]Loaded default TestExecutionListener class names from location [META-INF/spring.factories]: [org.springframework.test.context.web.ServletTestExecutionListener, org.springframework.test.context.support.DirtiesContextBeforeModesTestExecutionListener, org.springframework.test.context.support.DependencyInjectionTestExecutionListener, org.springframework.test.context.support.DirtiesContextTestExecutionListener, org.springframework.test.context.transaction.TransactionalTestExecutionListener, org.springframework.test.context.jdbc.SqlScriptsTestExecutionListener]
[INFO] [2017-04-25 10:32:34][org.springframework.test.context.support.DefaultTestContextBootstrapper]Using TestExecutionListeners: [org.springframework.test.context.web.ServletTestExecutionListener@9f70c54, org.springframework.test.context.support.DirtiesContextBeforeModesTestExecutionListener@234bef66, org.springframework.test.context.support.DependencyInjectionTestExecutionListener@737996a0, org.springframework.test.context.support.DirtiesContextTestExecutionListener@61dc03ce, org.springframework.test.context.transaction.TransactionalTestExecutionListener@50f8360d, org.springframework.test.context.jdbc.SqlScriptsTestExecutionListener@2cb4c3ab]
[INFO] [2017-04-25 10:32:34][org.springframework.beans.factory.xml.XmlBeanDefinitionReader]Loading XML bean definitions from class path resource [spring-mybatis.xml]
[INFO] [2017-04-25 10:32:34][org.springframework.context.support.GenericApplicationContext]Refreshing org.springframework.context.support.GenericApplicationContext@c038203: startup date [Tue Apr 25 10:32:34 CST 2017]; root of context hierarchy
[INFO] [2017-04-25 10:32:34][org.springframework.beans.factory.config.PropertyPlaceholderConfigurer]Loading properties file from class path resource [jdbc.properties]
[INFO] [2017-04-25 10:32:34][org.springframework.beans.factory.annotation.AutowiredAnnotationBeanPostProcessor]JSR-330 'javax.inject.Inject' annotation found and supported for autowiring
[INFO] [2017-04-25 10:32:39][org.springframework.context.support.GenericApplicationContext]Closing org.springframework.context.support.GenericApplicationContext@c038203: startup date [Tue Apr 25 10:32:34 CST 2017]; root of context hierarchy
[INFO] [2017-04-25 10:38:30][org.springframework.test.context.support.DefaultTestContextBootstrapper]Loaded default TestExecutionListener class names from location [META-INF/spring.factories]: [org.springframework.test.context.web.ServletTestExecutionListener, org.springframework.test.context.support.DirtiesContextBeforeModesTestExecutionListener, org.springframework.test.context.support.DependencyInjectionTestExecutionListener, org.springframework.test.context.support.DirtiesContextTestExecutionListener, org.springframework.test.context.transaction.TransactionalTestExecutionListener, org.springframework.test.context.jdbc.SqlScriptsTestExecutionListener]
[INFO] [2017-04-25 10:38:30][org.springframework.test.context.support.DefaultTestContextBootstrapper]Using TestExecutionListeners: [org.springframework.test.context.web.ServletTestExecutionListener@9f70c54, org.springframework.test.context.support.DirtiesContextBeforeModesTestExecutionListener@234bef66, org.springframework.test.context.support.DependencyInjectionTestExecutionListener@737996a0, org.springframework.test.context.support.DirtiesContextTestExecutionListener@61dc03ce, org.springframework.test.context.transaction.TransactionalTestExecutionListener@50f8360d, org.springframework.test.context.jdbc.SqlScriptsTestExecutionListener@2cb4c3ab]
[INFO] [2017-04-25 10:38:30][org.springframework.beans.factory.xml.XmlBeanDefinitionReader]Loading XML bean definitions from class path resource [spring-mybatis.xml]
[INFO] [2017-04-25 10:38:30][org.springframework.context.support.GenericApplicationContext]Refreshing org.springframework.context.support.GenericApplicationContext@c038203: startup date [Tue Apr 25 10:38:30 CST 2017]; root of context hierarchy
[INFO] [2017-04-25 10:38:30][org.springframework.beans.factory.config.PropertyPlaceholderConfigurer]Loading properties file from class path resource [jdbc.properties]
[INFO] [2017-04-25 10:38:30][org.springframework.beans.factory.annotation.AutowiredAnnotationBeanPostProcessor]JSR-330 'javax.inject.Inject' annotation found and supported for autowiring
[INFO] [2017-04-25 10:38:35][org.springframework.context.support.GenericApplicationContext]Closing org.springframework.context.support.GenericApplicationContext@c038203: startup date [Tue Apr 25 10:38:30 CST 2017]; root of context hierarchy
[INFO] [2017-04-25 10:46:08][org.springframework.test.context.support.DefaultTestContextBootstrapper]Loaded default TestExecutionListener class names from location [META-INF/spring.factories]: [org.springframework.test.context.web.ServletTestExecutionListener, org.springframework.test.context.support.DirtiesContextBeforeModesTestExecutionListener, org.springframework.test.context.support.DependencyInjectionTestExecutionListener, org.springframework.test.context.support.DirtiesContextTestExecutionListener, org.springframework.test.context.transaction.TransactionalTestExecutionListener, org.springframework.test.context.jdbc.SqlScriptsTestExecutionListener]
[INFO] [2017-04-25 10:46:08][org.springframework.test.context.support.DefaultTestContextBootstrapper]Using TestExecutionListeners: [org.springframework.test.context.web.ServletTestExecutionListener@9f70c54, org.springframework.test.context.support.DirtiesContextBeforeModesTestExecutionListener@234bef66, org.springframework.test.context.support.DependencyInjectionTestExecutionListener@737996a0, org.springframework.test.context.support.DirtiesContextTestExecutionListener@61dc03ce, org.springframework.test.context.transaction.TransactionalTestExecutionListener@50f8360d, org.springframework.test.context.jdbc.SqlScriptsTestExecutionListener@2cb4c3ab]
[INFO] [2017-04-25 10:46:08][org.springframework.beans.factory.xml.XmlBeanDefinitionReader]Loading XML bean definitions from class path resource [spring-mybatis.xml]
[INFO] [2017-04-25 10:46:08][org.springframework.context.support.GenericApplicationContext]Refreshing org.springframework.context.support.GenericApplicationContext@c038203: startup date [Tue Apr 25 10:46:08 CST 2017]; root of context hierarchy
[INFO] [2017-04-25 10:46:08][org.springframework.beans.factory.config.PropertyPlaceholderConfigurer]Loading properties file from class path resource [jdbc.properties]
[INFO] [2017-04-25 10:46:08][org.springframework.beans.factory.annotation.AutowiredAnnotationBeanPostProcessor]JSR-330 'javax.inject.Inject' annotation found and supported for autowiring
[INFO] [2017-04-25 10:46:12][org.springframework.context.support.GenericApplicationContext]Closing org.springframework.context.support.GenericApplicationContext@c038203: startup date [Tue Apr 25 10:46:08 CST 2017]; root of context hierarchy
[INFO] [2017-04-25 10:46:58][org.springframework.beans.factory.xml.XmlBeanDefinitionReader]Loading XML bean definitions from class path resource [spring-mybatis.xml]
[INFO] [2017-04-25 10:46:58][org.springframework.context.support.GenericApplicationContext]Refreshing org.springframework.context.support.GenericApplicationContext@13fee20c: startup date [Tue Apr 25 10:46:58 CST 2017]; root of context hierarchy
[INFO] [2017-04-25 10:46:58][org.springframework.beans.factory.config.PropertyPlaceholderConfigurer]Loading properties file from class path resource [jdbc.properties]
[INFO] [2017-04-25 10:46:58][org.springframework.beans.factory.annotation.AutowiredAnnotationBeanPostProcessor]JSR-330 'javax.inject.Inject' annotation found and supported for autowiring
[INFO] [2017-04-25 10:46:59][org.springframework.beans.factory.xml.XmlBeanDefinitionReader]Loading XML bean definitions from class path resource [org/springframework/jdbc/support/sql-error-codes.xml]
[INFO] [2017-04-25 10:46:59][org.springframework.jdbc.support.SQLErrorCodesFactory]SQLErrorCodes loaded: [DB2, Derby, H2, HSQL, Informix, MS-SQL, MySQL, Oracle, PostgreSQL, Sybase]
[INFO] [2017-04-25 10:46:59][org.springframework.context.support.GenericApplicationContext]Closing org.springframework.context.support.GenericApplicationContext@13fee20c: startup date [Tue Apr 25 10:46:58 CST 2017]; root of context hierarchy
[INFO] [2017-04-25 10:47:14][org.springframework.beans.factory.xml.XmlBeanDefinitionReader]Loading XML bean definitions from class path resource [spring-mybatis.xml]
[INFO] [2017-04-25 10:47:14][org.springframework.context.support.GenericApplicationContext]Refreshing org.springframework.context.support.GenericApplicationContext@13fee20c: startup date [Tue Apr 25 10:47:14 CST 2017]; root of context hierarchy
[INFO] [2017-04-25 10:47:14][org.springframework.beans.factory.config.PropertyPlaceholderConfigurer]Loading properties file from class path resource [jdbc.properties]
[INFO] [2017-04-25 10:47:14][org.springframework.beans.factory.annotation.AutowiredAnnotationBeanPostProcessor]JSR-330 'javax.inject.Inject' annotation found and supported for autowiring
[INFO] [2017-04-25 10:47:15][org.springframework.beans.factory.xml.XmlBeanDefinitionReader]Loading XML bean definitions from class path resource [org/springframework/jdbc/support/sql-error-codes.xml]
[INFO] [2017-04-25 10:47:15][org.springframework.jdbc.support.SQLErrorCodesFactory]SQLErrorCodes loaded: [DB2, Derby, H2, HSQL, Informix, MS-SQL, MySQL, Oracle, PostgreSQL, Sybase]
[INFO] [2017-04-25 10:47:15][org.springframework.context.support.GenericApplicationContext]Closing org.springframework.context.support.GenericApplicationContext@13fee20c: startup date [Tue Apr 25 10:47:14 CST 2017]; root of context hierarchy
[INFO] [2017-04-25 10:47:57][org.springframework.beans.factory.xml.XmlBeanDefinitionReader]Loading XML bean definitions from class path resource [spring-mybatis.xml]
[INFO] [2017-04-25 10:47:58][org.springframework.context.support.GenericApplicationContext]Refreshing org.springframework.context.support.GenericApplicationContext@13fee20c: startup date [Tue Apr 25 10:47:58 CST 2017]; root of context hierarchy
[INFO] [2017-04-25 10:47:58][org.springframework.beans.factory.config.PropertyPlaceholderConfigurer]Loading properties file from class path resource [jdbc.properties]
[INFO] [2017-04-25 10:47:58][org.springframework.beans.factory.annotation.AutowiredAnnotationBeanPostProcessor]JSR-330 'javax.inject.Inject' annotation found and supported for autowiring
[INFO] [2017-04-25 10:47:59][org.springframework.beans.factory.xml.XmlBeanDefinitionReader]Loading XML bean definitions from class path resource [org/springframework/jdbc/support/sql-error-codes.xml]
[INFO] [2017-04-25 10:47:59][org.springframework.jdbc.support.SQLErrorCodesFactory]SQLErrorCodes loaded: [DB2, Derby, H2, HSQL, Informix, MS-SQL, MySQL, Oracle, PostgreSQL, Sybase]
[INFO] [2017-04-25 10:47:59][org.springframework.context.support.GenericApplicationContext]Closing org.springframework.context.support.GenericApplicationContext@13fee20c: startup date [Tue Apr 25 10:47:58 CST 2017]; root of context hierarchy
[INFO] [2017-04-25 10:48:37][org.springframework.beans.factory.xml.XmlBeanDefinitionReader]Loading XML bean definitions from class path resource [spring-mybatis.xml]
[INFO] [2017-04-25 10:48:37][org.springframework.context.support.GenericApplicationContext]Refreshing org.springframework.context.support.GenericApplicationContext@13fee20c: startup date [Tue Apr 25 10:48:37 CST 2017]; root of context hierarchy
[INFO] [2017-04-25 10:48:37][org.springframework.beans.factory.config.PropertyPlaceholderConfigurer]Loading properties file from class path resource [jdbc.properties]
[INFO] [2017-04-25 10:48:37][org.springframework.beans.factory.annotation.AutowiredAnnotationBeanPostProcessor]JSR-330 'javax.inject.Inject' annotation found and supported for autowiring
[INFO] [2017-04-25 10:48:38][com.worthytrust.swordman.testmybatis.TestMyBatis]{"age":24,"id":1,"password":"sfasgfaf","userName":"测试"}
[INFO] [2017-04-25 10:48:38][org.springframework.context.support.GenericApplicationContext]Closing org.springframework.context.support.GenericApplicationContext@13fee20c: startup date [Tue Apr 25 10:48:37 CST 2017]; root of context hierarchy
[INFO] [2017-04-25 11:57:25][org.springframework.beans.factory.xml.XmlBeanDefinitionReader]Loading XML bean definitions from class path resource [spring-mybatis.xml]
[INFO] [2017-04-25 11:57:25][org.springframework.context.support.GenericApplicationContext]Refreshing org.springframework.context.support.GenericApplicationContext@64616ca2: startup date [Tue Apr 25 11:57:25 CST 2017]; root of context hierarchy
[INFO] [2017-04-25 11:57:25][org.springframework.beans.factory.config.PropertyPlaceholderConfigurer]Loading properties file from class path resource [jdbc.properties]
[INFO] [2017-04-25 11:57:25][org.springframework.beans.factory.annotation.AutowiredAnnotationBeanPostProcessor]JSR-330 'javax.inject.Inject' annotation found and supported for autowiring
[INFO] [2017-04-25 11:57:26][com.worthytrust.swordman.testmybatis.TestMyBatis]{"age":24,"id":1,"password":"sfasgfaf","userName":"测试"}
[INFO] [2017-04-25 11:57:26][org.springframework.context.support.GenericApplicationContext]Closing org.springframework.context.support.GenericApplicationContext@64616ca2: startup date [Tue Apr 25 11:57:25 CST 2017]; root of context hierarchy
